0 info it worked if it ends with ok
1 verbose cli [ 'C:\\Program Files\\nodejs\\node.exe',
1 verbose cli   'C:\\Users\\niac\\AppData\\Roaming\\npm\\node_modules\\cnpm\\node_modules\\npm\\bin\\npm-cli.js',
1 verbose cli   '--userconfig=C:\\Users\\niac\\.cnpmrc',
1 verbose cli   '--disturl=https://npm.taobao.org/mirrors/node',
1 verbose cli   '--cache=C:\\Users\\niac\\.cnpm',
1 verbose cli   '--registry=https://registry.npm.taobao.org',
1 verbose cli   '--node-gyp=C:\\Users\\niac\\AppData\\Roaming\\npm\\node_modules\\cnpm\\node_modules\\node-gyp\\bin\\node-gyp.js',
1 verbose cli   'i' ]
2 info using npm@2.14.16
3 info using node@v5.6.0
4 verbose readDependencies loading dependencies from C:\Users\niac\Desktop\mygulpframework\package.json
5 error install Couldn't read dependencies
6 verbose stack Error: ENOENT: no such file or directory, open 'C:\Users\niac\Desktop\mygulpframework\package.json'
6 verbose stack     at Error (native)
7 verbose cwd C:\Users\niac\Desktop\mygulpframework
8 error Windows_NT 6.1.7601
9 error argv "C:\\Program Files\\nodejs\\node.exe" "C:\\Users\\niac\\AppData\\Roaming\\npm\\node_modules\\cnpm\\node_modules\\npm\\bin\\npm-cli.js" "--userconfig=C:\\Users\\niac\\.cnpmrc" "--disturl=https://npm.taobao.org/mirrors/node" "--cache=C:\\Users\\niac\\.cnpm" "--registry=https://registry.npm.taobao.org" "--node-gyp=C:\\Users\\niac\\AppData\\Roaming\\npm\\node_modules\\cnpm\\node_modules\\node-gyp\\bin\\node-gyp.js" "i"
10 error node v5.6.0
11 error npm  v2.14.16
12 error path C:\Users\niac\Desktop\mygulpframework\package.json
13 error code ENOPACKAGEJSON
14 error errno -4058
15 error syscall open
16 error package.json ENOENT: no such file or directory, open 'C:\Users\niac\Desktop\mygulpframework\package.json'
16 error package.json This is most likely not a problem with npm itself.
16 error package.json npm can't find a package.json file in your current directory.
17 verbose exit [ -4058, true ]
